info: 🎈Server express listening on port 8080
info: 🎈Server express listening on port 8080
info: 🎈Server express listening on port 8080
[2023-10-02T20:15:38.236Z] info 🎈Server express listening on port 8080

[2023-10-04 19:12:16] error Error message
[2023-10-04 19:13:48] error Error message
[2023-10-04 19:13:57] error Error message
[2023-10-04 19:15:57] error Error message
[2023-10-04 19:16:12] error Error message
[2023-10-04 19:19:16] error Error message
[2023-10-04 19:19:30] error Error message
[2023-10-04 19:45:14] error Error message
[2023-10-04 20:05:27] error Error message> This message should go to the log file
[2023-10-04 20:34:11] error Error message> This message should go to the log file
[2023-10-04 23:17:29] error Error message> This message should go to the log file
[2023-11-01 15:17:31] error error en el register user.dao users validation failed: role: `admin` is not a valid enum value for path `role`.
[2023-11-01 15:23:41] error error en el register user.dao users validation failed: role: `admin` is not a valid enum value for path `role`.
[2023-11-01 17:06:32] error error en login user.dao UserModel.getByEmail is not a function
[2023-11-01 17:14:47] error error en login user.dao passValid is not defined
[2023-11-01 19:27:32] error error en login user.dao passValid is not defined
[2023-11-01 19:27:41] error error en login user.dao passValid is not defined
[2023-11-01 19:27:46] error error en login user.dao passValid is not defined
[2023-11-01 19:27:49] error error en login user.dao passValid is not defined
[2023-11-01 20:06:20] error true
[2023-11-01 20:07:45] error true
[2023-11-02 09:09:45] error error en login user.dao passValid is not defined
[2023-11-02 20:04:05] error error en el register en user.controllers
